<?xml version="1.0" encoding="UTF-8"?>
<coverage generated="1661569283629" clover="3.2.0">
  <project timestamp="1661569283629" name="All files">
    <metrics statements="29" coveredstatements="28" conditionals="20" coveredconditionals="19" methods="8" coveredmethods="8" elements="57" coveredelements="55" complexity="0" loc="29" ncloc="29" packages="1" files="4" classes="4"/>
    <file name="calculator.js" path="/Users/saikatchakraborty/Desktop/project/module2/zest-test/javaScript/calculator.js">
      <metrics statements="20" coveredstatements="20" conditionals="16" coveredconditionals="16" methods="5" coveredmethods="5"/>
      <line num="3" count="1" type="stmt"/>
      <line num="4" count="1" type="stmt"/>
      <line num="13" count="1" type="stmt"/>
      <line num="14" count="3" type="cond" truecount="4" falsecount="0"/>
      <line num="15" count="2" type="stmt"/>
      <line num="17" count="1" type="stmt"/>
      <line num="27" count="1" type="stmt"/>
      <line num="28" count="3" type="cond" truecount="4" falsecount="0"/>
      <line num="29" count="2" type="stmt"/>
      <line num="31" count="1" type="stmt"/>
      <line num="40" count="1" type="stmt"/>
      <line num="41" count="3" type="cond" truecount="4" falsecount="0"/>
      <line num="42" count="2" type="stmt"/>
      <line num="44" count="1" type="stmt"/>
      <line num="54" count="1" type="stmt"/>
      <line num="55" count="3" type="cond" truecount="4" falsecount="0"/>
      <line num="56" count="2" type="stmt"/>
      <line num="58" count="1" type="stmt"/>
      <line num="62" count="1" type="stmt"/>
      <line num="64" count="1" type="stmt"/>
    </file>
    <file name="capitalize.js" path="/Users/saikatchakraborty/Desktop/project/module2/zest-test/javaScript/capitalize.js">
      <metrics statements="2" coveredstatements="2" conditionals="0" coveredconditionals="0" methods="1" coveredmethods="1"/>
      <line num="1" count="1" type="stmt"/>
      <line num="3" count="1" type="stmt"/>
    </file>
    <file name="reverseString.js" path="/Users/saikatchakraborty/Desktop/project/module2/zest-test/javaScript/reverseString.js">
      <metrics statements="2" coveredstatements="2" conditionals="0" coveredconditionals="0" methods="1" coveredmethods="1"/>
      <line num="1" count="1" type="stmt"/>
      <line num="3" count="1" type="stmt"/>
    </file>
    <file name="stringLenth.js" path="/Users/saikatchakraborty/Desktop/project/module2/zest-test/javaScript/stringLenth.js">
      <metrics statements="5" coveredstatements="4" conditionals="4" coveredconditionals="3" methods="1" coveredmethods="1"/>
      <line num="1" count="1" type="stmt"/>
      <line num="2" count="3" type="cond" truecount="3" falsecount="1"/>
      <line num="3" count="0" type="stmt"/>
      <line num="5" count="3" type="stmt"/>
      <line num="7" count="1" type="stmt"/>
    </file>
  </project>
</coverage>
