TN:
SF:javaScript/calculator.js
FN:2,(anonymous_0)
FN:13,(anonymous_1)
FN:27,(anonymous_2)
FN:40,(anonymous_3)
FN:54,(anonymous_4)
FNF:5
FNH:5
FNDA:1,(anonymous_0)
FNDA:3,(anonymous_1)
FNDA:3,(anonymous_2)
FNDA:3,(anonymous_3)
FNDA:3,(anonymous_4)
DA:3,1
DA:4,1
DA:13,1
DA:14,3
DA:15,2
DA:17,1
DA:27,1
DA:28,3
DA:29,2
DA:31,1
DA:40,1
DA:41,3
DA:42,2
DA:44,1
DA:54,1
DA:55,3
DA:56,2
DA:58,1
DA:62,1
DA:64,1
LF:20
LH:20
BRDA:14,0,0,2
BRDA:14,0,1,1
BRDA:14,1,0,3
BRDA:14,1,1,1
BRDA:28,2,0,2
BRDA:28,2,1,1
BRDA:28,3,0,3
BRDA:28,3,1,1
BRDA:41,4,0,2
BRDA:41,4,1,1
BRDA:41,5,0,3
BRDA:41,5,1,1
BRDA:55,6,0,2
BRDA:55,6,1,1
BRDA:55,7,0,3
BRDA:55,7,1,1
BRF:16
BRH:16
end_of_record
TN:
SF:javaScript/capitalize.js
FN:1,(anonymous_0)
FNF:1
FNH:1
FNDA:1,(anonymous_0)
DA:1,1
DA:3,1
LF:2
LH:2
BRF:0
BRH:0
end_of_record
TN:
SF:javaScript/reverseString.js
FN:1,(anonymous_0)
FNF:1
FNH:1
FNDA:1,(anonymous_0)
DA:1,1
DA:3,1
LF:2
LH:2
BRF:0
BRH:0
end_of_record
TN:
SF:javaScript/stringLenth.js
FN:1,(anonymous_0)
FNF:1
FNH:1
FNDA:3,(anonymous_0)
DA:1,1
DA:2,3
DA:3,0
DA:5,3
DA:7,1
LF:5
LH:4
BRDA:2,0,0,0
BRDA:2,0,1,3
BRDA:2,1,0,3
BRDA:2,1,1,1
BRF:4
BRH:3
end_of_record
